11:23:05: Creating resource group General
11:23:05: Creating resource group Internal
11:23:05: Creating resource group Autodetect
11:23:05: SceneManagerFactory for type 'DefaultSceneManager' registered.
11:23:05: Registering ResourceManager for type Material
11:23:05: Registering ResourceManager for type Mesh
11:23:05: Registering ResourceManager for type Skeleton
11:23:05: MovableObjectFactory for type 'ParticleSystem' registered.
11:23:05: OverlayElementFactory for type Panel registered.
11:23:05: OverlayElementFactory for type BorderPanel registered.
11:23:05: OverlayElementFactory for type TextArea registered.
11:23:05: Registering ResourceManager for type Font
11:23:05: ArchiveFactory for archive type FileSystem registered.
11:23:05: ArchiveFactory for archive type Zip registered.
11:23:05: DDS codec registering
11:23:05: FreeImage version: 3.15.1
11:23:05: This program uses FreeImage, a free, open source image library supporting all common bitmap formats. See http://freeimage.sourceforge.net for details
11:23:05: Supported formats: bmp,ico,jpg,jif,jpeg,jpe,jng,koa,iff,lbm,mng,pbm,pbm,pcd,pcx,pgm,pgm,png,ppm,ppm,ras,tga,targa,tif,tiff,wap,wbmp,wbm,psd,cut,xbm,xpm,gif,hdr,g3,sgi,exr,j2k,j2c,jp2,pfm,pct,pict,pic,3fr,arw,bay,bmq,cap,cine,cr2,crw,cs1,dc2,dcr,drf,dsc,dng,erf,fff,ia,iiq,k25,kc2,kdc,mdc,mef,mos,mrw,nef,nrw,orf,pef,ptx,pxn,qtk,raf,raw,rdc,rw2,rwl,rwz,sr2,srf,sti
11:23:05: Registering ResourceManager for type HighLevelGpuProgram
11:23:05: Registering ResourceManager for type Compositor
11:23:05: MovableObjectFactory for type 'Entity' registered.
11:23:05: MovableObjectFactory for type 'Light' registered.
11:23:05: MovableObjectFactory for type 'BillboardSet' registered.
11:23:05: MovableObjectFactory for type 'ManualObject' registered.
11:23:05: MovableObjectFactory for type 'BillboardChain' registered.
11:23:05: MovableObjectFactory for type 'RibbonTrail' registered.
11:23:05: Loading library .\RenderSystem_Direct3D9
11:23:05: Installing plugin: D3D9 RenderSystem
11:23:05: D3D9 : Direct3D9 Rendering Subsystem created.
11:23:05: D3D9: Driver Detection Starts
11:23:05: D3D9: Driver Detection Ends
11:23:05: Plugin successfully installed
11:23:05: Loading library .\RenderSystem_GL
11:23:05: Installing plugin: GL RenderSystem
11:23:05: OpenGL Rendering Subsystem created.
11:23:06: Plugin successfully installed
11:23:06: Loading library .\Plugin_ParticleFX
11:23:06: Installing plugin: ParticleFX
11:23:06: Particle Emitter Type 'Point' registered
11:23:06: Particle Emitter Type 'Box' registered
11:23:06: Particle Emitter Type 'Ellipsoid' registered
11:23:06: Particle Emitter Type 'Cylinder' registered
11:23:06: Particle Emitter Type 'Ring' registered
11:23:06: Particle Emitter Type 'HollowEllipsoid' registered
11:23:06: Particle Affector Type 'LinearForce' registered
11:23:06: Particle Affector Type 'ColourFader' registered
11:23:06: Particle Affector Type 'ColourFader2' registered
11:23:06: Particle Affector Type 'ColourImage' registered
11:23:06: Particle Affector Type 'ColourInterpolator' registered
11:23:06: Particle Affector Type 'Scaler' registered
11:23:06: Particle Affector Type 'Rotator' registered
11:23:06: Particle Affector Type 'DirectionRandomiser' registered
11:23:06: Particle Affector Type 'DeflectorPlane' registered
11:23:06: Plugin successfully installed
11:23:06: Loading library .\Plugin_CgProgramManager
11:23:06: Installing plugin: Cg Program Manager
11:23:06: Plugin successfully installed
11:23:06: *-*-* OGRE Initialising
11:23:06: *-*-* Version 1.7.4 (Cthugha)
11:23:06: Creating resource group Essential
11:23:06: Added resource location '../../media/packs/SdkTrays.zip' of type 'Zip' to resource group 'Essential'
11:23:06: Added resource location '../../media' of type 'FileSystem' to resource group 'General'
11:23:06: Creating resource group Popular
11:23:06: Added resource location '../../media/fonts' of type 'FileSystem' to resource group 'Popular'
11:23:06: Added resource location '../../media/materials/programs' of type 'FileSystem' to resource group 'Popular'
11:23:06: Added resource location '../../media/materials/scripts' of type 'FileSystem' to resource group 'Popular'
11:23:06: Added resource location '../../media/materials/textures' of type 'FileSystem' to resource group 'Popular'
11:23:06: Added resource location '../../media/models' of type 'FileSystem' to resource group 'Popular'
11:23:06: Added resource location '../../media/scenes' of type 'FileSystem' to resource group 'Popular'
11:23:06: Added resource location '../../media/particles' of type 'FileSystem' to resource group 'Popular'
11:23:06: D3D9 : RenderSystem Option: Allow NVPerfHUD = No
11:23:06: D3D9 : RenderSystem Option: FSAA = 8 [Quality]
11:23:06: D3D9 : RenderSystem Option: Floating-point mode = Fastest
11:23:06: D3D9 : RenderSystem Option: Full Screen = Yes
11:23:06: D3D9 : RenderSystem Option: Rendering Device = Monitor-1-ATI Mobility Radeon HD 4650
11:23:06: D3D9 : RenderSystem Option: Resource Creation Policy = Create on active device
11:23:06: D3D9 : RenderSystem Option: VSync = No
11:23:06: D3D9 : RenderSystem Option: VSync Interval = 1
11:23:06: D3D9 : RenderSystem Option: Video Mode = 1366 x 768 @ 32-bit colour
11:23:06: D3D9 : RenderSystem Option: sRGB Gamma Conversion = No
11:23:07: CPU Identifier & Features
11:23:07: -------------------------
11:23:07:  *   CPU ID: GenuineIntel: Intel(R) Core(TM)2 Duo CPU     P8600  @ 2.40GHz
11:23:07:  *      SSE: yes
11:23:07:  *     SSE2: yes
11:23:07:  *     SSE3: yes
11:23:07:  *      MMX: yes
11:23:07:  *   MMXEXT: yes
11:23:07:  *    3DNOW: no
11:23:07:  * 3DNOWEXT: no
11:23:07:  *     CMOV: yes
11:23:07:  *      TSC: yes
11:23:07:  *      FPU: yes
11:23:07:  *      PRO: yes
11:23:07:  *       HT: no
11:23:07: -------------------------
11:23:07: D3D9 : Subsystem Initialising
11:23:07: Registering ResourceManager for type Texture
11:23:07: Registering ResourceManager for type GpuProgram
11:23:07: D3D9RenderSystem::_createRenderWindow "^_^ JAKKA JAKKA ^_^", 1366x768 fullscreen  miscParams: FSAA=8 FSAAHint=[Quality] colourDepth=32 gamma=false monitorIndex=0 useNVPerfHUD=false vsync=false vsyncInterval=1 
11:23:07: D3D9 : Created D3D9 Rendering Window '^_^ JAKKA JAKKA ^_^' : 1366x768, 32bpp
11:23:07: D3D9 : Multi head disabled. It causes application run time crashes when used in Vista + SP 1 or 2 combination
11:23:07: D3D9: Vertex texture format supported - PF_L8
11:23:07: D3D9: Vertex texture format supported - PF_L16
11:23:07: D3D9: Vertex texture format supported - PF_A8
11:23:07: D3D9: Vertex texture format supported - PF_A4L4
11:23:07: D3D9: Vertex texture format supported - PF_BYTE_LA
11:23:07: D3D9: Vertex texture format supported - PF_R5G6B5
11:23:07: D3D9: Vertex texture format supported - PF_B5G6R5
11:23:07: D3D9: Vertex texture format supported - PF_A4R4G4B4
11:23:07: D3D9: Vertex texture format supported - PF_A1R5G5B5
11:23:07: D3D9: Vertex texture format supported - PF_A8R8G8B8
11:23:07: D3D9: Vertex texture format supported - PF_B8G8R8A8
11:23:07: D3D9: Vertex texture format supported - PF_A2R10G10B10
11:23:07: D3D9: Vertex texture format supported - PF_A2B10G10R10
11:23:07: D3D9: Vertex texture format supported - PF_DXT1
11:23:07: D3D9: Vertex texture format supported - PF_DXT2
11:23:07: D3D9: Vertex texture format supported - PF_DXT3
11:23:07: D3D9: Vertex texture format supported - PF_DXT4
11:23:07: D3D9: Vertex texture format supported - PF_DXT5
11:23:07: D3D9: Vertex texture format supported - PF_FLOAT16_RGB
11:23:07: D3D9: Vertex texture format supported - PF_FLOAT16_RGBA
11:23:07: D3D9: Vertex texture format supported - PF_FLOAT32_RGB
11:23:07: D3D9: Vertex texture format supported - PF_FLOAT32_RGBA
11:23:07: D3D9: Vertex texture format supported - PF_X8R8G8B8
11:23:07: D3D9: Vertex texture format supported - PF_X8B8G8R8
11:23:07: D3D9: Vertex texture format supported - PF_R8G8B8A8
11:23:07: D3D9: Vertex texture format supported - PF_DEPTH
11:23:07: D3D9: Vertex texture format supported - PF_SHORT_RGBA
11:23:07: D3D9: Vertex texture format supported - PF_FLOAT16_R
11:23:07: D3D9: Vertex texture format supported - PF_FLOAT32_R
11:23:07: D3D9: Vertex texture format supported - PF_SHORT_GR
11:23:07: D3D9: Vertex texture format supported - PF_FLOAT16_GR
11:23:07: D3D9: Vertex texture format supported - PF_FLOAT32_GR
11:23:07: D3D9: Vertex texture format supported - PF_SHORT_RGB
11:23:07: D3D9: Vertex texture format supported - PF_PVRTC_RGB2
11:23:07: D3D9: Vertex texture format supported - PF_PVRTC_RGBA2
11:23:07: D3D9: Vertex texture format supported - PF_PVRTC_RGB4
11:23:07: D3D9: Vertex texture format supported - PF_PVRTC_RGBA4
11:23:07: RenderSystem capabilities
11:23:07: -------------------------
11:23:07: RenderSystem Name: Direct3D9 Rendering Subsystem
11:23:07: GPU Vendor: ati
11:23:07: Device Name: Monitor-1-ATI Mobility Radeon HD 4650
11:23:07: Driver Version: 8.17.10.1114
11:23:07:  * Fixed function pipeline: yes
11:23:07:  * Hardware generation of mipmaps: yes
11:23:07:  * Texture blending: yes
11:23:07:  * Anisotropic texture filtering: yes
11:23:07:  * Dot product texture operation: yes
11:23:07:  * Cube mapping: yes
11:23:07:  * Hardware stencil buffer: yes
11:23:07:    - Stencil depth: 8
11:23:07:    - Two sided stencil support: yes
11:23:07:    - Wrap stencil values: yes
11:23:07:  * Hardware vertex / index buffers: yes
11:23:07:  * Vertex programs: yes
11:23:07:  * Number of floating-point constants for vertex programs: 256
11:23:07:  * Number of integer constants for vertex programs: 16
11:23:07:  * Number of boolean constants for vertex programs: 16
11:23:07:  * Fragment programs: yes
11:23:07:  * Number of floating-point constants for fragment programs: 224
11:23:07:  * Number of integer constants for fragment programs: 16
11:23:07:  * Number of boolean constants for fragment programs: 16
11:23:07:  * Geometry programs: no
11:23:07:  * Number of floating-point constants for geometry programs: 0
11:23:07:  * Number of integer constants for geometry programs: 0
11:23:07:  * Number of boolean constants for geometry programs: 0
11:23:07:  * Supported Shader Profiles: hlsl ps_1_1 ps_1_2 ps_1_3 ps_1_4 ps_2_0 ps_2_a ps_2_b ps_2_x ps_3_0 vs_1_1 vs_2_0 vs_2_a vs_2_x vs_3_0
11:23:07:  * Texture Compression: yes
11:23:07:    - DXT: yes
11:23:07:    - VTC: no
11:23:07:    - PVRTC: no
11:23:07:  * Scissor Rectangle: yes
11:23:07:  * Hardware Occlusion Query: yes
11:23:07:  * User clip planes: yes
11:23:07:  * VET_UBYTE4 vertex element type: yes
11:23:07:  * Infinite far plane projection: yes
11:23:07:  * Hardware render-to-texture: yes
11:23:07:  * Floating point textures: yes
11:23:07:  * Non-power-of-two textures: yes
11:23:07:  * Volume textures: yes
11:23:07:  * Multiple Render Targets: 4
11:23:07:    - With different bit depths: yes
11:23:07:  * Point Sprites: yes
11:23:07:  * Extended point parameters: yes
11:23:07:  * Max Point Size: 10
11:23:07:  * Vertex texture fetch: yes
11:23:07:  * Number of world matrices: 0
11:23:07:  * Number of texture units: 8
11:23:07:  * Stencil buffer depth: 8
11:23:07:  * Number of vertex blend matrices: 0
11:23:07:    - Max vertex textures: 4
11:23:07:    - Vertex textures shared: no
11:23:07:  * Render to Vertex Buffer : no
11:23:07:  * DirectX per stage constants: yes
11:23:07: ***************************************
11:23:07: *** D3D9 : Subsystem Initialised OK ***
11:23:07: ***************************************
11:23:07: DefaultWorkQueue('Root') initialising on thread 00441728.
11:23:07: Particle Renderer Type 'billboard' registered
11:23:07: DefaultWorkQueue('Root')::WorkerFunc - thread 0045A130 starting.
11:23:07: **************************************
11:23:07: *** INITIALIZING FMOD SOUND SYSTEM ***
11:23:07: **************************************
11:23:07: DefaultWorkQueue('Root')::WorkerFunc - thread 0045A100 starting.
11:23:08: FMOD error! (32) Cannot call this command after System::init. 

11:23:08: ****************************************
11:23:08: *** INITIALIZED FMOD SOUND SYSTEM OK ***
11:23:08: ****************************************
11:23:08: *** Initializing OIS ***
11:23:09: Initialising resource group Essential
11:23:09: Parsing scripts for resource group Essential
11:23:09: Parsing script SdkTrays.material
11:23:09: Parsing script BrightWhite.material
11:23:09: Parsing script LoadingBack.material
11:23:09: Parsing script SdkTrays.fontdef
11:23:09: Parsing script SdkTrays.overlay
11:23:09: Texture: sdk_cursor.png: Loading 1 faces(PF_A8R8G8B8,32x32x1) with  hardware generated mipmaps from Image. Internal format is PF_A8R8G8B8,32x32x1.
11:23:09: Texture: sdk_tray.png: Loading 1 faces(PF_A8R8G8B8,64x64x1) with  hardware generated mipmaps from Image. Internal format is PF_A8R8G8B8,64x64x1.
11:23:09: Texture: sdk_button_up.png: Loading 1 faces(PF_A8R8G8B8,128x32x1) with  hardware generated mipmaps from Image. Internal format is PF_A8R8G8B8,128x32x1.
11:23:09: Texture: sdk_text_box.png: Loading 1 faces(PF_A8R8G8B8,32x32x1) with  hardware generated mipmaps from Image. Internal format is PF_A8R8G8B8,32x32x1.
11:23:09: Texture: sdk_mini_tray.png: Loading 1 faces(PF_A8R8G8B8,32x32x1) with  hardware generated mipmaps from Image. Internal format is PF_A8R8G8B8,32x32x1.
11:23:09: Texture: sdk_track.png: Loading 1 faces(PF_A8R8G8B8,16x32x1) with  hardware generated mipmaps from Image. Internal format is PF_A8R8G8B8,16x32x1.
11:23:09: Texture: sdk_handle.png: Loading 1 faces(PF_A8R8G8B8,16x16x1) with  hardware generated mipmaps from Image. Internal format is PF_A8R8G8B8,16x16x1.
11:23:09: Texture: sdk_mini_text_box.png: Loading 1 faces(PF_A8R8G8B8,32x32x1) with  hardware generated mipmaps from Image. Internal format is PF_A8R8G8B8,32x32x1.
11:23:09: Texture: sdk_label.png: Loading 1 faces(PF_A8R8G8B8,32x32x1) with  hardware generated mipmaps from Image. Internal format is PF_A8R8G8B8,32x32x1.
11:23:09: Texture: sdk_separator.png: Loading 1 faces(PF_A8R8G8B8,64x16x1) with  hardware generated mipmaps from Image. Internal format is PF_A8R8G8B8,64x16x1.
11:23:09: Texture: sdk_logo.png: Loading 1 faces(PF_A8R8G8B8,128x64x1) with  hardware generated mipmaps from Image. Internal format is PF_A8R8G8B8,128x64x1.
11:23:09: Texture: sdk_shade.png: Loading 1 faces(PF_A8R8G8B8,64x48x1) with 6 generated mipmaps from Image. Internal format is PF_A8R8G8B8,64x48x1.
11:23:09: Texture: sdk_frame.png: Loading 1 faces(PF_A8R8G8B8,32x32x1) with  hardware generated mipmaps from Image. Internal format is PF_A8R8G8B8,32x32x1.
11:23:09: Texture: sdk_mini_text_box_over.png: Loading 1 faces(PF_A8R8G8B8,32x32x1) with  hardware generated mipmaps from Image. Internal format is PF_A8R8G8B8,32x32x1.
11:23:09: Texture: sdk_pulse.png: Loading 1 faces(PF_R8G8B8,8x1x1) with  hardware generated mipmaps from Image. Internal format is PF_X8R8G8B8,8x1x1.
11:23:09: Finished parsing scripts for resource group Essential
11:23:09: Texture: loadingBack.png: Loading 1 faces(PF_R8G8B8,512x512x1) with  hardware generated mipmaps from Image. Internal format is PF_X8R8G8B8,512x512x1.
11:23:09: Parsing scripts for resource group Autodetect
11:23:09: Font SdkTrays/Captionusing texture size 1024x512
11:23:09: Info: Freetype returned null for character 127 in font SdkTrays/Caption
11:23:09: Info: Freetype returned null for character 128 in font SdkTrays/Caption
11:23:09: Info: Freetype returned null for character 129 in font SdkTrays/Caption
11:23:09: Info: Freetype returned null for character 130 in font SdkTrays/Caption
11:23:09: Info: Freetype returned null for character 131 in font SdkTrays/Caption
11:23:09: Info: Freetype returned null for character 132 in font SdkTrays/Caption
11:23:09: Info: Freetype returned null for character 133 in font SdkTrays/Caption
11:23:09: Info: Freetype returned null for character 134 in font SdkTrays/Caption
11:23:09: Info: Freetype returned null for character 135 in font SdkTrays/Caption
11:23:09: Info: Freetype returned null for character 136 in font SdkTrays/Caption
11:23:09: Info: Freetype returned null for character 137 in font SdkTrays/Caption
11:23:09: Info: Freetype returned null for character 138 in font SdkTrays/Caption
11:23:09: Info: Freetype returned null for character 139 in font SdkTrays/Caption
11:23:09: Info: Freetype returned null for character 140 in font SdkTrays/Caption
11:23:09: Info: Freetype returned null for character 141 in font SdkTrays/Caption
11:23:09: Info: Freetype returned null for character 142 in font SdkTrays/Caption
11:23:09: Info: Freetype returned null for character 143 in font SdkTrays/Caption
11:23:09: Info: Freetype returned null for character 144 in font SdkTrays/Caption
11:23:09: Info: Freetype returned null for character 145 in font SdkTrays/Caption
11:23:09: Info: Freetype returned null for character 146 in font SdkTrays/Caption
11:23:09: Info: Freetype returned null for character 147 in font SdkTrays/Caption
11:23:09: Info: Freetype returned null for character 148 in font SdkTrays/Caption
11:23:09: Info: Freetype returned null for character 149 in font SdkTrays/Caption
11:23:09: Info: Freetype returned null for character 150 in font SdkTrays/Caption
11:23:09: Info: Freetype returned null for character 151 in font SdkTrays/Caption
11:23:09: Info: Freetype returned null for character 152 in font SdkTrays/Caption
11:23:09: Info: Freetype returned null for character 153 in font SdkTrays/Caption
11:23:09: Info: Freetype returned null for character 154 in font SdkTrays/Caption
11:23:09: Info: Freetype returned null for character 155 in font SdkTrays/Caption
11:23:09: Info: Freetype returned null for character 156 in font SdkTrays/Caption
11:23:09: Info: Freetype returned null for character 157 in font SdkTrays/Caption
11:23:09: Info: Freetype returned null for character 158 in font SdkTrays/Caption
11:23:09: Info: Freetype returned null for character 159 in font SdkTrays/Caption
11:23:09: Info: Freetype returned null for character 160 in font SdkTrays/Caption
11:23:09: Texture: SdkTrays/CaptionTexture: Loading 1 faces(PF_BYTE_LA,1024x512x1) with 0 generated mipmaps from Image. Internal format is PF_BYTE_LA,1024x512x1.
11:23:09: Font SdkTrays/Valueusing texture size 512x256
11:23:09: Info: Freetype returned null for character 127 in font SdkTrays/Value
11:23:09: Info: Freetype returned null for character 128 in font SdkTrays/Value
11:23:09: Info: Freetype returned null for character 129 in font SdkTrays/Value
11:23:09: Info: Freetype returned null for character 130 in font SdkTrays/Value
11:23:09: Info: Freetype returned null for character 131 in font SdkTrays/Value
11:23:09: Info: Freetype returned null for character 132 in font SdkTrays/Value
11:23:09: Info: Freetype returned null for character 133 in font SdkTrays/Value
11:23:09: Info: Freetype returned null for character 134 in font SdkTrays/Value
11:23:09: Info: Freetype returned null for character 135 in font SdkTrays/Value
11:23:09: Info: Freetype returned null for character 136 in font SdkTrays/Value
11:23:09: Info: Freetype returned null for character 137 in font SdkTrays/Value
11:23:09: Info: Freetype returned null for character 138 in font SdkTrays/Value
11:23:09: Info: Freetype returned null for character 139 in font SdkTrays/Value
11:23:09: Info: Freetype returned null for character 140 in font SdkTrays/Value
11:23:09: Info: Freetype returned null for character 141 in font SdkTrays/Value
11:23:09: Info: Freetype returned null for character 142 in font SdkTrays/Value
11:23:09: Info: Freetype returned null for character 143 in font SdkTrays/Value
11:23:09: Info: Freetype returned null for character 144 in font SdkTrays/Value
11:23:09: Info: Freetype returned null for character 145 in font SdkTrays/Value
11:23:09: Info: Freetype returned null for character 146 in font SdkTrays/Value
11:23:09: Info: Freetype returned null for character 147 in font SdkTrays/Value
11:23:09: Info: Freetype returned null for character 148 in font SdkTrays/Value
11:23:09: Info: Freetype returned null for character 149 in font SdkTrays/Value
11:23:09: Info: Freetype returned null for character 150 in font SdkTrays/Value
11:23:09: Info: Freetype returned null for character 151 in font SdkTrays/Value
11:23:09: Info: Freetype returned null for character 152 in font SdkTrays/Value
11:23:09: Info: Freetype returned null for character 153 in font SdkTrays/Value
11:23:09: Info: Freetype returned null for character 154 in font SdkTrays/Value
11:23:09: Info: Freetype returned null for character 155 in font SdkTrays/Value
11:23:09: Info: Freetype returned null for character 156 in font SdkTrays/Value
11:23:09: Info: Freetype returned null for character 157 in font SdkTrays/Value
11:23:09: Info: Freetype returned null for character 158 in font SdkTrays/Value
11:23:09: Info: Freetype returned null for character 159 in font SdkTrays/Value
11:23:09: Info: Freetype returned null for character 160 in font SdkTrays/Value
11:23:09: Texture: SdkTrays/ValueTexture: Loading 1 faces(PF_BYTE_LA,512x256x1) with 0 generated mipmaps from Image. Internal format is PF_BYTE_LA,512x256x1.
11:23:09: Finished parsing scripts for resource group Autodetect
11:23:09: Parsing scripts for resource group General
11:23:09: Finished parsing scripts for resource group General
11:23:09: Parsing scripts for resource group Internal
11:23:09: Finished parsing scripts for resource group Internal
11:23:09: Parsing scripts for resource group Popular
11:23:09: Parsing script console.material
11:23:09: Parsing script Ghostly.material
11:23:09: Parsing script TerrainTest.material
11:23:09: Parsing script turtle_UV.material
11:23:09: Parsing script DevilMachine1.0.material
11:23:09: Parsing script console.fontdef
11:23:09: Finished parsing scripts for resource group Popular
11:23:09: Texture: console_texture.png: Loading 1 faces(PF_A8R8G8B8,64x48x1) with 5 generated mipmaps from Image. Internal format is PF_A8R8G8B8,64x48x1.
11:23:09: Font Consoleusing texture size 1024x512
11:23:09: Info: Freetype returned null for character 127 in font Console
11:23:09: Info: Freetype returned null for character 128 in font Console
11:23:09: Info: Freetype returned null for character 129 in font Console
11:23:09: Info: Freetype returned null for character 130 in font Console
11:23:09: Info: Freetype returned null for character 131 in font Console
11:23:09: Info: Freetype returned null for character 132 in font Console
11:23:09: Info: Freetype returned null for character 133 in font Console
11:23:09: Info: Freetype returned null for character 134 in font Console
11:23:09: Info: Freetype returned null for character 135 in font Console
11:23:09: Info: Freetype returned null for character 136 in font Console
11:23:09: Info: Freetype returned null for character 137 in font Console
11:23:09: Info: Freetype returned null for character 138 in font Console
11:23:09: Info: Freetype returned null for character 139 in font Console
11:23:09: Info: Freetype returned null for character 140 in font Console
11:23:09: Info: Freetype returned null for character 141 in font Console
11:23:09: Info: Freetype returned null for character 142 in font Console
11:23:09: Info: Freetype returned null for character 143 in font Console
11:23:09: Info: Freetype returned null for character 144 in font Console
11:23:09: Info: Freetype returned null for character 145 in font Console
11:23:09: Info: Freetype returned null for character 146 in font Console
11:23:09: Info: Freetype returned null for character 147 in font Console
11:23:09: Info: Freetype returned null for character 148 in font Console
11:23:09: Info: Freetype returned null for character 149 in font Console
11:23:09: Info: Freetype returned null for character 150 in font Console
11:23:09: Info: Freetype returned null for character 151 in font Console
11:23:09: Info: Freetype returned null for character 152 in font Console
11:23:09: Info: Freetype returned null for character 153 in font Console
11:23:09: Info: Freetype returned null for character 154 in font Console
11:23:09: Info: Freetype returned null for character 155 in font Console
11:23:09: Info: Freetype returned null for character 156 in font Console
11:23:09: Info: Freetype returned null for character 157 in font Console
11:23:09: Info: Freetype returned null for character 158 in font Console
11:23:09: Info: Freetype returned null for character 159 in font Console
11:23:09: Info: Freetype returned null for character 160 in font Console
11:23:09: Texture: ConsoleTexture: Loading 1 faces(PF_BYTE_LA,1024x512x1) with 0 generated mipmaps from Image. Internal format is PF_BYTE_LA,1024x512x1.
11:23:21: [DotSceneLoader] Loading scene: TestScene.scene
11:23:21: [DotSceneLoader] Parsing dotScene file with version 0.2.0, scene manager , min. Ogre version , author LFA Scene Manager v4.2 - www.lfa.com
11:23:21: Mesh: Loading pCube1.mesh.
11:23:21: Mesh: Loading turtle.mesh.
11:23:21: Texture: turtle-UV.jpg: Loading 1 faces(PF_R8G8B8,1000x1000x1) with 5 generated mipmaps from Image. Internal format is PF_X8R8G8B8,1000x1000x1.
11:23:21: Terrain created; size=513 minBatch=33 maxBatch=65 treeDepth=4 lodLevels=5 leafLods=2
11:23:21: D3D9 : Loading 2D Texture, image name : 'dirt_grayrocky_diffusespecular.dds' with 5 mip map levels
11:23:21: D3D9 : Loading 2D Texture, image name : 'dirt_grayrocky_normalheight.dds' with 5 mip map levels
11:23:22: D3D9 : Loading 2D Texture, image name : 'grass_green-01_diffusespecular.dds' with 5 mip map levels
11:23:22: D3D9 : Loading 2D Texture, image name : 'grass_green-01_normalheight.dds' with 5 mip map levels
11:23:22: D3D9 : Loading 2D Texture, image name : 'growth_weirdfungus-03_diffusespecular.dds' with 5 mip map levels
11:23:22: D3D9 : Loading 2D Texture, image name : 'growth_weirdfungus-03_normalheight.dds' with 5 mip map levels
11:23:22: Mesh: Loading pulmo.mesh.
11:28:17: *** DESTROYING FMOD SOUND SYSTEM ***
11:28:17: DefaultWorkQueue('Root') shutting down on thread 00441728.
11:28:17: DefaultWorkQueue('Root')::WorkerFunc - thread 0045A130 stopped.
11:28:17: DefaultWorkQueue('Root')::WorkerFunc - thread 0045A100 stopped.
11:28:17: *-*-* OGRE Shutdown
11:28:17: Unregistering ResourceManager for type Compositor
11:28:17: Unregistering ResourceManager for type Font
11:28:17: Unregistering ResourceManager for type Skeleton
11:28:17: Unregistering ResourceManager for type Mesh
11:28:17: Unregistering ResourceManager for type HighLevelGpuProgram
11:28:17: Uninstalling plugin: Cg Program Manager
11:28:17: Plugin successfully uninstalled
11:28:17: Unloading library .\Plugin_CgProgramManager
11:28:17: Uninstalling plugin: ParticleFX
11:28:17: Plugin successfully uninstalled
11:28:17: Unloading library .\Plugin_ParticleFX
11:28:17: Uninstalling plugin: GL RenderSystem
11:28:17: *** Stopping Win32GL Subsystem ***
11:28:17: Plugin successfully uninstalled
11:28:17: Unloading library .\RenderSystem_GL
11:28:17: Uninstalling plugin: D3D9 RenderSystem
11:28:17: D3D9 : Shutting down cleanly.
11:28:17: Unregistering ResourceManager for type Texture
11:28:17: Unregistering ResourceManager for type GpuProgram
11:28:17: D3D9 : Direct3D9 Rendering Subsystem destroyed.
11:28:17: Plugin successfully uninstalled
11:28:17: Unloading library .\RenderSystem_Direct3D9
11:28:17: Unregistering ResourceManager for type Material
