C:\Users\Yati\Documents\Games Development\Ogre\Astroids\\bin\Release\Tic Tac Toe.exe
C:\USERS\YATI\DOCUMENTS\GAMES DEVELOPMENT\OGRE\ASTROIDS\BIN\RELEASE\TIC TAC TOE.EXE
C:\USERS\YATI\DOCUMENTS\GAMES DEVELOPMENT\OGRE\ASTROIDS\GAMEFRAME\OBJ\RELEASE\ABSTRACTGAMECORE.OBJ
C:\USERS\YATI\DOCUMENTS\GAMES DEVELOPMENT\OGRE\ASTROIDS\GAMEFRAME\OBJ\RELEASE\ACTOR.OBJ
C:\USERS\YATI\DOCUMENTS\GAMES DEVELOPMENT\OGRE\ASTROIDS\GAMEFRAME\OBJ\RELEASE\ACTORMANAGER.OBJ
C:\USERS\YATI\DOCUMENTS\GAMES DEVELOPMENT\OGRE\ASTROIDS\GAMEFRAME\OBJ\RELEASE\ASTROIDACTOR.OBJ
C:\USERS\YATI\DOCUMENTS\GAMES DEVELOPMENT\OGRE\ASTROIDS\GAMEFRAME\OBJ\RELEASE\ASTROIDSACTORMANAGER.OBJ
C:\USERS\YATI\DOCUMENTS\GAMES DEVELOPMENT\OGRE\ASTROIDS\GAMEFRAME\OBJ\RELEASE\ASTROIDSGAMESTATE.OBJ
C:\USERS\YATI\DOCUMENTS\GAMES DEVELOPMENT\OGRE\ASTROIDS\GAMEFRAME\OBJ\RELEASE\CAMERACONTROLLER.OBJ
C:\Users\Yati\Documents\Games Development\Ogre\Astroids\GameFrame\obj\Release\cl.command.1.tlog
C:\Users\Yati\Documents\Games Development\Ogre\Astroids\GameFrame\obj\Release\CL.read.1.tlog
C:\Users\Yati\Documents\Games Development\Ogre\Astroids\GameFrame\obj\Release\CL.write.1.tlog
C:\USERS\YATI\DOCUMENTS\GAMES DEVELOPMENT\OGRE\ASTROIDS\GAMEFRAME\OBJ\RELEASE\CONTROLLER.OBJ
C:\USERS\YATI\DOCUMENTS\GAMES DEVELOPMENT\OGRE\ASTROIDS\GAMEFRAME\OBJ\RELEASE\CUSTOMTRAYMANAGER.OBJ
C:\USERS\YATI\DOCUMENTS\GAMES DEVELOPMENT\OGRE\ASTROIDS\GAMEFRAME\OBJ\RELEASE\DOTSCENELOADER.OBJ
C:\USERS\YATI\DOCUMENTS\GAMES DEVELOPMENT\OGRE\ASTROIDS\GAMEFRAME\OBJ\RELEASE\EDITSTRING.OBJ
C:\USERS\YATI\DOCUMENTS\GAMES DEVELOPMENT\OGRE\ASTROIDS\GAMEFRAME\OBJ\RELEASE\EVENT.OBJ
C:\USERS\YATI\DOCUMENTS\GAMES DEVELOPMENT\OGRE\ASTROIDS\GAMEFRAME\OBJ\RELEASE\EVENTMANAGER.OBJ
C:\USERS\YATI\DOCUMENTS\GAMES DEVELOPMENT\OGRE\ASTROIDS\GAMEFRAME\OBJ\RELEASE\GAMEAPPLICATION.OBJ
C:\Users\Yati\Documents\Games Development\Ogre\Astroids\GameFrame\obj\Release\GameFrame.exe.intermediate.manifest
C:\USERS\YATI\DOCUMENTS\GAMES DEVELOPMENT\OGRE\ASTROIDS\GAMEFRAME\OBJ\RELEASE\GAMESTATE.OBJ
C:\USERS\YATI\DOCUMENTS\GAMES DEVELOPMENT\OGRE\ASTROIDS\GAMEFRAME\OBJ\RELEASE\HDRLOGIC.OBJ
C:\USERS\YATI\DOCUMENTS\GAMES DEVELOPMENT\OGRE\ASTROIDS\GAMEFRAME\OBJ\RELEASE\INPUTSYSTEM.OBJ
C:\Users\Yati\Documents\Games Development\Ogre\Astroids\GameFrame\obj\Release\link.command.1.tlog
C:\Users\Yati\Documents\Games Development\Ogre\Astroids\GameFrame\obj\Release\link.read.1.tlog
C:\Users\Yati\Documents\Games Development\Ogre\Astroids\GameFrame\obj\Release\link.write.1.tlog
C:\Users\Yati\Documents\Games Development\Ogre\Astroids\GameFrame\obj\Release\link-cvtres.read.1.tlog
C:\Users\Yati\Documents\Games Development\Ogre\Astroids\GameFrame\obj\Release\link-cvtres.write.1.tlog
C:\USERS\YATI\DOCUMENTS\GAMES DEVELOPMENT\OGRE\ASTROIDS\GAMEFRAME\OBJ\RELEASE\LUACONSOLE.OBJ
C:\USERS\YATI\DOCUMENTS\GAMES DEVELOPMENT\OGRE\ASTROIDS\GAMEFRAME\OBJ\RELEASE\LUAINTERPRETER.OBJ
C:\USERS\YATI\DOCUMENTS\GAMES DEVELOPMENT\OGRE\ASTROIDS\GAMEFRAME\OBJ\RELEASE\LUASCRIPTMANAGER.OBJ
C:\USERS\YATI\DOCUMENTS\GAMES DEVELOPMENT\OGRE\ASTROIDS\GAMEFRAME\OBJ\RELEASE\MAIN.OBJ
C:\USERS\YATI\DOCUMENTS\GAMES DEVELOPMENT\OGRE\ASTROIDS\GAMEFRAME\OBJ\RELEASE\MENUSTATE.OBJ
C:\USERS\YATI\DOCUMENTS\GAMES DEVELOPMENT\OGRE\ASTROIDS\GAMEFRAME\OBJ\RELEASE\MOVABLESIGN.OBJ
C:\Users\Yati\Documents\Games Development\Ogre\Astroids\GameFrame\obj\Release\mt.command.1.tlog
C:\Users\Yati\Documents\Games Development\Ogre\Astroids\GameFrame\obj\Release\mt.read.1.tlog
C:\Users\Yati\Documents\Games Development\Ogre\Astroids\GameFrame\obj\Release\mt.write.1.tlog
C:\USERS\YATI\DOCUMENTS\GAMES DEVELOPMENT\OGRE\ASTROIDS\GAMEFRAME\OBJ\RELEASE\PARTICLEEFFECTMANAGER.OBJ
C:\USERS\YATI\DOCUMENTS\GAMES DEVELOPMENT\OGRE\ASTROIDS\GAMEFRAME\OBJ\RELEASE\PHYSICSSYSTEM.OBJ
C:\USERS\YATI\DOCUMENTS\GAMES DEVELOPMENT\OGRE\ASTROIDS\GAMEFRAME\OBJ\RELEASE\PROJECTILE.OBJ
C:\Users\Yati\Documents\Games Development\Ogre\Astroids\GameFrame\obj\Release\rc.command.1.tlog
C:\Users\Yati\Documents\Games Development\Ogre\Astroids\GameFrame\obj\Release\rc.read.1.tlog
C:\Users\Yati\Documents\Games Development\Ogre\Astroids\GameFrame\obj\Release\rc.write.1.tlog
C:\USERS\YATI\DOCUMENTS\GAMES DEVELOPMENT\OGRE\ASTROIDS\GAMEFRAME\OBJ\RELEASE\SCENEPLAY.RES
C:\USERS\YATI\DOCUMENTS\GAMES DEVELOPMENT\OGRE\ASTROIDS\GAMEFRAME\OBJ\RELEASE\SOUNDNODE.OBJ
C:\USERS\YATI\DOCUMENTS\GAMES DEVELOPMENT\OGRE\ASTROIDS\GAMEFRAME\OBJ\RELEASE\SOUNDNODEMANAGER.OBJ
C:\USERS\YATI\DOCUMENTS\GAMES DEVELOPMENT\OGRE\ASTROIDS\GAMEFRAME\OBJ\RELEASE\SOUNDSYSTEM.OBJ
C:\USERS\YATI\DOCUMENTS\GAMES DEVELOPMENT\OGRE\ASTROIDS\GAMEFRAME\OBJ\RELEASE\SPACESHIPCONTROLLER.OBJ
C:\USERS\YATI\DOCUMENTS\GAMES DEVELOPMENT\OGRE\ASTROIDS\GAMEFRAME\OBJ\RELEASE\TESTSTATE.OBJ
C:\USERS\YATI\DOCUMENTS\GAMES DEVELOPMENT\OGRE\ASTROIDS\GAMEFRAME\OBJ\RELEASE\THIRDPERSONCAMERACONTROLLER.OBJ
C:\USERS\YATI\DOCUMENTS\GAMES DEVELOPMENT\OGRE\ASTROIDS\GAMEFRAME\OBJ\RELEASE\TIC TAC TOE.EXE.INTERMEDIATE.MANIFEST
C:\USERS\YATI\DOCUMENTS\GAMES DEVELOPMENT\OGRE\ASTROIDS\GAMEFRAME\OBJ\RELEASE\TINYSTR.OBJ
C:\USERS\YATI\DOCUMENTS\GAMES DEVELOPMENT\OGRE\ASTROIDS\GAMEFRAME\OBJ\RELEASE\TINYXML.OBJ
C:\USERS\YATI\DOCUMENTS\GAMES DEVELOPMENT\OGRE\ASTROIDS\GAMEFRAME\OBJ\RELEASE\TINYXMLERROR.OBJ
C:\USERS\YATI\DOCUMENTS\GAMES DEVELOPMENT\OGRE\ASTROIDS\GAMEFRAME\OBJ\RELEASE\TINYXMLPARSER.OBJ
C:\USERS\YATI\DOCUMENTS\GAMES DEVELOPMENT\OGRE\ASTROIDS\GAMEFRAME\OBJ\RELEASE\TTTGAMESTATE.OBJ
C:\Users\Yati\Documents\Games Development\Ogre\Astroids\GameFrame\obj\Release\vc100.idb
C:\USERS\YATI\DOCUMENTS\GAMES DEVELOPMENT\OGRE\ASTROIDS\GAMEFRAME\OBJ\RELEASE\VC100.PDB
C:\USERS\YATI\DOCUMENTS\GAMES DEVELOPMENT\OGRE\ENGINE WITH PHYSX\BIN\RELEASE\TIC TAC TOE.EXE
C:\USERS\YATI\DOCUMENTS\GAMES DEVELOPMENT\OGRE\ENGINE WITH PHYSX\GAMEFRAME\OBJ\RELEASE\ABSTRACTGAMECORE.OBJ
C:\USERS\YATI\DOCUMENTS\GAMES DEVELOPMENT\OGRE\ENGINE WITH PHYSX\GAMEFRAME\OBJ\RELEASE\CAMERACONTROLLER.OBJ
C:\USERS\YATI\DOCUMENTS\GAMES DEVELOPMENT\OGRE\ENGINE WITH PHYSX\GAMEFRAME\OBJ\RELEASE\CUSTOMTRAYMANAGER.OBJ
C:\USERS\YATI\DOCUMENTS\GAMES DEVELOPMENT\OGRE\ENGINE WITH PHYSX\GAMEFRAME\OBJ\RELEASE\DOTSCENELOADER.OBJ
C:\USERS\YATI\DOCUMENTS\GAMES DEVELOPMENT\OGRE\ENGINE WITH PHYSX\GAMEFRAME\OBJ\RELEASE\EVENT.OBJ
C:\USERS\YATI\DOCUMENTS\GAMES DEVELOPMENT\OGRE\ENGINE WITH PHYSX\GAMEFRAME\OBJ\RELEASE\EVENTMANAGER.OBJ
C:\USERS\YATI\DOCUMENTS\GAMES DEVELOPMENT\OGRE\ENGINE WITH PHYSX\GAMEFRAME\OBJ\RELEASE\GAMEAPPLICATION.OBJ
C:\USERS\YATI\DOCUMENTS\GAMES DEVELOPMENT\OGRE\ENGINE WITH PHYSX\GAMEFRAME\OBJ\RELEASE\GAMESTATE.OBJ
C:\USERS\YATI\DOCUMENTS\GAMES DEVELOPMENT\OGRE\ENGINE WITH PHYSX\GAMEFRAME\OBJ\RELEASE\HDRLOGIC.OBJ
C:\USERS\YATI\DOCUMENTS\GAMES DEVELOPMENT\OGRE\ENGINE WITH PHYSX\GAMEFRAME\OBJ\RELEASE\INPUTSYSTEM.OBJ
C:\USERS\YATI\DOCUMENTS\GAMES DEVELOPMENT\OGRE\ENGINE WITH PHYSX\GAMEFRAME\OBJ\RELEASE\MAIN.OBJ
C:\USERS\YATI\DOCUMENTS\GAMES DEVELOPMENT\OGRE\ENGINE WITH PHYSX\GAMEFRAME\OBJ\RELEASE\MENUSTATE.OBJ
C:\USERS\YATI\DOCUMENTS\GAMES DEVELOPMENT\OGRE\ENGINE WITH PHYSX\GAMEFRAME\OBJ\RELEASE\MOVABLESIGN.OBJ
C:\USERS\YATI\DOCUMENTS\GAMES DEVELOPMENT\OGRE\ENGINE WITH PHYSX\GAMEFRAME\OBJ\RELEASE\PHYSICSSYSTEM.OBJ
C:\USERS\YATI\DOCUMENTS\GAMES DEVELOPMENT\OGRE\ENGINE WITH PHYSX\GAMEFRAME\OBJ\RELEASE\SCENEPLAY.RES
C:\USERS\YATI\DOCUMENTS\GAMES DEVELOPMENT\OGRE\ENGINE WITH PHYSX\GAMEFRAME\OBJ\RELEASE\SOUNDNODE.OBJ
C:\USERS\YATI\DOCUMENTS\GAMES DEVELOPMENT\OGRE\ENGINE WITH PHYSX\GAMEFRAME\OBJ\RELEASE\SOUNDNODEMANAGER.OBJ
C:\USERS\YATI\DOCUMENTS\GAMES DEVELOPMENT\OGRE\ENGINE WITH PHYSX\GAMEFRAME\OBJ\RELEASE\SOUNDSYSTEM.OBJ
C:\USERS\YATI\DOCUMENTS\GAMES DEVELOPMENT\OGRE\ENGINE WITH PHYSX\GAMEFRAME\OBJ\RELEASE\TESTSTATE.OBJ
C:\USERS\YATI\DOCUMENTS\GAMES DEVELOPMENT\OGRE\ENGINE WITH PHYSX\GAMEFRAME\OBJ\RELEASE\TIC TAC TOE.EXE.INTERMEDIATE.MANIFEST
C:\USERS\YATI\DOCUMENTS\GAMES DEVELOPMENT\OGRE\ENGINE WITH PHYSX\GAMEFRAME\OBJ\RELEASE\TINYSTR.OBJ
C:\USERS\YATI\DOCUMENTS\GAMES DEVELOPMENT\OGRE\ENGINE WITH PHYSX\GAMEFRAME\OBJ\RELEASE\TINYXML.OBJ
C:\USERS\YATI\DOCUMENTS\GAMES DEVELOPMENT\OGRE\ENGINE WITH PHYSX\GAMEFRAME\OBJ\RELEASE\TINYXMLERROR.OBJ
C:\USERS\YATI\DOCUMENTS\GAMES DEVELOPMENT\OGRE\ENGINE WITH PHYSX\GAMEFRAME\OBJ\RELEASE\TINYXMLPARSER.OBJ
C:\USERS\YATI\DOCUMENTS\GAMES DEVELOPMENT\OGRE\ENGINE WITH PHYSX\GAMEFRAME\OBJ\RELEASE\TTTGAMESTATE.OBJ
C:\USERS\YATI\DOCUMENTS\GAMES DEVELOPMENT\OGRE\ENGINE WITH PHYSX\GAMEFRAME\OBJ\RELEASE\VC100.PDB
C:\USERS\YATI\DOCUMENTS\GAMES DEVELOPMENT\OGRE\WORK\GAMEFRAME\BIN\RELEASE\TIC TAC TOE.EXE
C:\USERS\YATI\DOCUMENTS\GAMES DEVELOPMENT\OGRE\WORK\GAMEFRAME\GAMEFRAME\OBJ\RELEASE\ABSTRACTGAMECORE.OBJ
C:\USERS\YATI\DOCUMENTS\GAMES DEVELOPMENT\OGRE\WORK\GAMEFRAME\GAMEFRAME\OBJ\RELEASE\CUSTOMTRAYMANAGER.OBJ
C:\USERS\YATI\DOCUMENTS\GAMES DEVELOPMENT\OGRE\WORK\GAMEFRAME\GAMEFRAME\OBJ\RELEASE\DOTSCENELOADER.OBJ
C:\USERS\YATI\DOCUMENTS\GAMES DEVELOPMENT\OGRE\WORK\GAMEFRAME\GAMEFRAME\OBJ\RELEASE\EVENT.OBJ
C:\USERS\YATI\DOCUMENTS\GAMES DEVELOPMENT\OGRE\WORK\GAMEFRAME\GAMEFRAME\OBJ\RELEASE\EVENTMANAGER.OBJ
C:\USERS\YATI\DOCUMENTS\GAMES DEVELOPMENT\OGRE\WORK\GAMEFRAME\GAMEFRAME\OBJ\RELEASE\GAMEAPPLICATION.OBJ
C:\USERS\YATI\DOCUMENTS\GAMES DEVELOPMENT\OGRE\WORK\GAMEFRAME\GAMEFRAME\OBJ\RELEASE\GAMESTATE.OBJ
C:\USERS\YATI\DOCUMENTS\GAMES DEVELOPMENT\OGRE\WORK\GAMEFRAME\GAMEFRAME\OBJ\RELEASE\HDRLOGIC.OBJ
C:\USERS\YATI\DOCUMENTS\GAMES DEVELOPMENT\OGRE\WORK\GAMEFRAME\GAMEFRAME\OBJ\RELEASE\INPUTSYSTEM.OBJ
C:\USERS\YATI\DOCUMENTS\GAMES DEVELOPMENT\OGRE\WORK\GAMEFRAME\GAMEFRAME\OBJ\RELEASE\MAIN.OBJ
C:\USERS\YATI\DOCUMENTS\GAMES DEVELOPMENT\OGRE\WORK\GAMEFRAME\GAMEFRAME\OBJ\RELEASE\MENUSTATE.OBJ
C:\USERS\YATI\DOCUMENTS\GAMES DEVELOPMENT\OGRE\WORK\GAMEFRAME\GAMEFRAME\OBJ\RELEASE\MOVABLESIGN.OBJ
C:\USERS\YATI\DOCUMENTS\GAMES DEVELOPMENT\OGRE\WORK\GAMEFRAME\GAMEFRAME\OBJ\RELEASE\SCENEPLAY.RES
C:\USERS\YATI\DOCUMENTS\GAMES DEVELOPMENT\OGRE\WORK\GAMEFRAME\GAMEFRAME\OBJ\RELEASE\SOUNDSYSTEM.OBJ
C:\USERS\YATI\DOCUMENTS\GAMES DEVELOPMENT\OGRE\WORK\GAMEFRAME\GAMEFRAME\OBJ\RELEASE\TIC TAC TOE.EXE.INTERMEDIATE.MANIFEST
C:\USERS\YATI\DOCUMENTS\GAMES DEVELOPMENT\OGRE\WORK\GAMEFRAME\GAMEFRAME\OBJ\RELEASE\TINYSTR.OBJ
C:\USERS\YATI\DOCUMENTS\GAMES DEVELOPMENT\OGRE\WORK\GAMEFRAME\GAMEFRAME\OBJ\RELEASE\TINYXML.OBJ
C:\USERS\YATI\DOCUMENTS\GAMES DEVELOPMENT\OGRE\WORK\GAMEFRAME\GAMEFRAME\OBJ\RELEASE\TINYXMLERROR.OBJ
C:\USERS\YATI\DOCUMENTS\GAMES DEVELOPMENT\OGRE\WORK\GAMEFRAME\GAMEFRAME\OBJ\RELEASE\TINYXMLPARSER.OBJ
C:\USERS\YATI\DOCUMENTS\GAMES DEVELOPMENT\OGRE\WORK\GAMEFRAME\GAMEFRAME\OBJ\RELEASE\TTTGAMESTATE.OBJ
C:\USERS\YATI\DOCUMENTS\GAMES DEVELOPMENT\OGRE\WORK\GAMEFRAME\GAMEFRAME\OBJ\RELEASE\VC100.PDB
